{"/Users/diego/Documents/react-projects/03-gifs-apps/src/GifsApp.tsx": {"path":"/Users/diego/Documents/react-projects/03-gifs-apps/src/GifsApp.tsx","statementMap":{"0":{"start":{"line":7,"column":23},"end":{"line":28,"column":null}},"1":{"start":{"line":8,"column":59},"end":{"line":8,"column":null}},"2":{"start":{"line":10,"column":2},"end":{"line":25,"column":null}}},"fnMap":{"0":{"name":"(anonymous_0)","decl":{"start":{"line":7,"column":23},"end":{"line":7,"column":null}},"loc":{"start":{"line":7,"column":23},"end":{"line":28,"column":null}},"line":7}},"branchMap":{},"s":{"0":1,"1":1,"2":1},"f":{"0":1},"b":{},"meta":{"lastBranch":0,"lastFunction":1,"lastStatement":3,"seen":{"s:7:23:28:Infinity":0,"f:7:23:7:Infinity":0,"s:8:59:8:Infinity":1,"s:10:2:25:Infinity":2}}}
,"/Users/diego/Documents/react-projects/03-gifs-apps/src/counter/components/MyCounterApp.tsx": {"path":"/Users/diego/Documents/react-projects/03-gifs-apps/src/counter/components/MyCounterApp.tsx","statementMap":{"0":{"start":{"line":3,"column":28},"end":{"line":18,"column":null}},"1":{"start":{"line":4,"column":57},"end":{"line":4,"column":null}},"2":{"start":{"line":6,"column":2},"end":{"line":14,"column":null}}},"fnMap":{"0":{"name":"(anonymous_0)","decl":{"start":{"line":3,"column":28},"end":{"line":3,"column":null}},"loc":{"start":{"line":3,"column":28},"end":{"line":18,"column":null}},"line":3}},"branchMap":{},"s":{"0":2,"1":7,"2":7},"f":{"0":7},"b":{},"meta":{"lastBranch":0,"lastFunction":1,"lastStatement":3,"seen":{"s:3:28:18:Infinity":0,"f:3:28:3:Infinity":0,"s:4:57:4:Infinity":1,"s:6:2:14:Infinity":2}}}
,"/Users/diego/Documents/react-projects/03-gifs-apps/src/counter/hooks/useCounter.tsx": {"path":"/Users/diego/Documents/react-projects/03-gifs-apps/src/counter/hooks/useCounter.tsx","statementMap":{"0":{"start":{"line":3,"column":26},"end":{"line":26,"column":null}},"1":{"start":{"line":4,"column":29},"end":{"line":4,"column":null}},"2":{"start":{"line":6,"column":20},"end":{"line":8,"column":null}},"3":{"start":{"line":7,"column":4},"end":{"line":7,"column":null}},"4":{"start":{"line":10,"column":23},"end":{"line":12,"column":null}},"5":{"start":{"line":11,"column":4},"end":{"line":11,"column":null}},"6":{"start":{"line":11,"column":26},"end":{"line":11,"column":null}},"7":{"start":{"line":14,"column":22},"end":{"line":16,"column":null}},"8":{"start":{"line":15,"column":4},"end":{"line":15,"column":null}},"9":{"start":{"line":17,"column":2},"end":{"line":25,"column":null}}},"fnMap":{"0":{"name":"(anonymous_0)","decl":{"start":{"line":3,"column":26},"end":{"line":3,"column":27}},"loc":{"start":{"line":3,"column":52},"end":{"line":26,"column":null}},"line":3},"1":{"name":"(anonymous_1)","decl":{"start":{"line":6,"column":20},"end":{"line":6,"column":null}},"loc":{"start":{"line":6,"column":20},"end":{"line":8,"column":null}},"line":6},"2":{"name":"(anonymous_2)","decl":{"start":{"line":10,"column":23},"end":{"line":10,"column":null}},"loc":{"start":{"line":10,"column":23},"end":{"line":12,"column":null}},"line":10},"3":{"name":"(anonymous_3)","decl":{"start":{"line":11,"column":15},"end":{"line":11,"column":16}},"loc":{"start":{"line":11,"column":26},"end":{"line":11,"column":null}},"line":11},"4":{"name":"(anonymous_4)","decl":{"start":{"line":14,"column":22},"end":{"line":14,"column":null}},"loc":{"start":{"line":14,"column":22},"end":{"line":16,"column":null}},"line":14}},"branchMap":{"0":{"loc":{"start":{"line":3,"column":27},"end":{"line":3,"column":52}},"type":"default-arg","locations":[{"start":{"line":3,"column":50},"end":{"line":3,"column":52}}],"line":3}},"s":{"0":2,"1":15,"2":15,"3":2,"4":15,"5":4,"6":4,"7":15,"8":1,"9":15},"f":{"0":15,"1":2,"2":4,"3":4,"4":1},"b":{"0":[15]},"meta":{"lastBranch":1,"lastFunction":5,"lastStatement":10,"seen":{"s:3:26:26:Infinity":0,"f:3:26:3:27":0,"b:3:50:3:52":0,"s:4:29:4:Infinity":1,"s:6:20:8:Infinity":2,"f:6:20:6:Infinity":1,"s:7:4:7:Infinity":3,"s:10:23:12:Infinity":4,"f:10:23:10:Infinity":2,"s:11:4:11:Infinity":5,"f:11:15:11:16":3,"s:11:26:11:Infinity":6,"s:14:22:16:Infinity":7,"f:14:22:14:Infinity":4,"s:15:4:15:Infinity":8,"s:17:2:25:Infinity":9}}}
,"/Users/diego/Documents/react-projects/03-gifs-apps/src/gifs/actions/get-gifs-by-query.action.ts": {"path":"/Users/diego/Documents/react-projects/03-gifs-apps/src/gifs/actions/get-gifs-by-query.action.ts","statementMap":{"0":{"start":{"line":5,"column":30},"end":{"line":32,"column":null}},"1":{"start":{"line":7,"column":4},"end":{"line":9,"column":null}},"2":{"start":{"line":8,"column":8},"end":{"line":8,"column":null}},"3":{"start":{"line":11,"column":4},"end":{"line":29,"column":null}},"4":{"start":{"line":12,"column":25},"end":{"line":17,"column":null}},"5":{"start":{"line":19,"column":8},"end":{"line":25,"column":null}},"6":{"start":{"line":19,"column":48},"end":{"line":25,"column":null}},"7":{"start":{"line":27,"column":8},"end":{"line":27,"column":null}},"8":{"start":{"line":28,"column":8},"end":{"line":28,"column":null}}},"fnMap":{"0":{"name":"(anonymous_0)","decl":{"start":{"line":5,"column":30},"end":{"line":5,"column":37}},"loc":{"start":{"line":5,"column":37},"end":{"line":32,"column":null}},"line":5},"1":{"name":"(anonymous_1)","decl":{"start":{"line":19,"column":38},"end":{"line":19,"column":39}},"loc":{"start":{"line":19,"column":48},"end":{"line":25,"column":null}},"line":19}},"branchMap":{"0":{"loc":{"start":{"line":7,"column":4},"end":{"line":9,"column":null}},"type":"if","locations":[{"start":{"line":7,"column":4},"end":{"line":9,"column":null}},{"start":{},"end":{}}],"line":7}},"s":{"0":3,"1":6,"2":1,"3":5,"4":5,"5":4,"6":40,"7":1,"8":1},"f":{"0":6,"1":40},"b":{"0":[1,5]},"meta":{"lastBranch":1,"lastFunction":2,"lastStatement":9,"seen":{"s:5:30:32:Infinity":0,"f:5:30:5:37":0,"b:7:4:9:Infinity:undefined:undefined:undefined:undefined":0,"s:7:4:9:Infinity":1,"s:8:8:8:Infinity":2,"s:11:4:29:Infinity":3,"s:12:25:17:Infinity":4,"s:19:8:25:Infinity":5,"f:19:38:19:39":1,"s:19:48:25:Infinity":6,"s:27:8:27:Infinity":7,"s:28:8:28:Infinity":8}}}
,"/Users/diego/Documents/react-projects/03-gifs-apps/src/gifs/api/giphy.api.ts": {"path":"/Users/diego/Documents/react-projects/03-gifs-apps/src/gifs/api/giphy.api.ts","statementMap":{"0":{"start":{"line":3,"column":24},"end":{"line":9,"column":null}}},"fnMap":{},"branchMap":{},"s":{"0":4},"f":{},"b":{},"meta":{"lastBranch":0,"lastFunction":0,"lastStatement":1,"seen":{"s:3:24:9:Infinity":0}}}
,"/Users/diego/Documents/react-projects/03-gifs-apps/src/gifs/components/GifList.tsx": {"path":"/Users/diego/Documents/react-projects/03-gifs-apps/src/gifs/components/GifList.tsx","statementMap":{"0":{"start":{"line":6,"column":23},"end":{"line":20,"column":null}},"1":{"start":{"line":7,"column":2},"end":{"line":10,"column":26}},"2":{"start":{"line":9,"column":17},"end":{"line":10,"column":26}}},"fnMap":{"0":{"name":"(anonymous_0)","decl":{"start":{"line":6,"column":23},"end":{"line":6,"column":24}},"loc":{"start":{"line":6,"column":39},"end":{"line":20,"column":null}},"line":6},"1":{"name":"(anonymous_1)","decl":{"start":{"line":9,"column":16},"end":{"line":9,"column":17}},"loc":{"start":{"line":9,"column":17},"end":{"line":10,"column":26}},"line":9}},"branchMap":{},"s":{"0":1,"1":1,"2":0},"f":{"0":1,"1":0},"b":{},"meta":{"lastBranch":0,"lastFunction":2,"lastStatement":3,"seen":{"s:6:23:20:Infinity":0,"f:6:23:6:24":0,"s:7:2:10:26":1,"f:9:16:9:17":1,"s:9:17:10:26":2}}}
,"/Users/diego/Documents/react-projects/03-gifs-apps/src/gifs/components/PreviousSearches.tsx": {"path":"/Users/diego/Documents/react-projects/03-gifs-apps/src/gifs/components/PreviousSearches.tsx","statementMap":{"0":{"start":{"line":7,"column":32},"end":{"line":20,"column":null}},"1":{"start":{"line":8,"column":2},"end":{"line":13,"column":null}},"2":{"start":{"line":12,"column":23},"end":{"line":13,"column":null}},"3":{"start":{"line":13,"column":29},"end":{"line":13,"column":54}}},"fnMap":{"0":{"name":"(anonymous_0)","decl":{"start":{"line":7,"column":32},"end":{"line":7,"column":33}},"loc":{"start":{"line":7,"column":66},"end":{"line":20,"column":null}},"line":7},"1":{"name":"(anonymous_1)","decl":{"start":{"line":12,"column":22},"end":{"line":12,"column":23}},"loc":{"start":{"line":12,"column":23},"end":{"line":13,"column":null}},"line":12},"2":{"name":"(anonymous_2)","decl":{"start":{"line":13,"column":23},"end":{"line":13,"column":29}},"loc":{"start":{"line":13,"column":29},"end":{"line":13,"column":54}},"line":13}},"branchMap":{},"s":{"0":1,"1":1,"2":0,"3":0},"f":{"0":1,"1":0,"2":0},"b":{},"meta":{"lastBranch":0,"lastFunction":3,"lastStatement":4,"seen":{"s:7:32:20:Infinity":0,"f:7:32:7:33":0,"s:8:2:13:Infinity":1,"f:12:22:12:23":1,"s:12:23:13:Infinity":2,"f:13:23:13:29":2,"s:13:29:13:54":3}}}
,"/Users/diego/Documents/react-projects/03-gifs-apps/src/gifs/hooks/useGifs.tsx": {"path":"/Users/diego/Documents/react-projects/03-gifs-apps/src/gifs/hooks/useGifs.tsx","statementMap":{"0":{"start":{"line":6,"column":23},"end":{"line":44,"column":null}},"1":{"start":{"line":8,"column":31},"end":{"line":8,"column":null}},"2":{"start":{"line":9,"column":23},"end":{"line":9,"column":null}},"3":{"start":{"line":10,"column":8},"end":{"line":10,"column":null}},"4":{"start":{"line":12,"column":28},"end":{"line":21,"column":null}},"5":{"start":{"line":13,"column":27},"end":{"line":13,"column":null}},"6":{"start":{"line":14,"column":4},"end":{"line":17,"column":null}},"7":{"start":{"line":15,"column":6},"end":{"line":15,"column":null}},"8":{"start":{"line":16,"column":6},"end":{"line":16,"column":null}},"9":{"start":{"line":18,"column":17},"end":{"line":18,"column":null}},"10":{"start":{"line":19,"column":4},"end":{"line":19,"column":null}},"11":{"start":{"line":20,"column":4},"end":{"line":20,"column":null}},"12":{"start":{"line":23,"column":23},"end":{"line":34,"column":null}},"13":{"start":{"line":24,"column":23},"end":{"line":24,"column":null}},"14":{"start":{"line":26,"column":4},"end":{"line":26,"column":null}},"15":{"start":{"line":26,"column":33},"end":{"line":26,"column":null}},"16":{"start":{"line":28,"column":4},"end":{"line":28,"column":null}},"17":{"start":{"line":28,"column":39},"end":{"line":28,"column":null}},"18":{"start":{"line":30,"column":4},"end":{"line":30,"column":null}},"19":{"start":{"line":31,"column":17},"end":{"line":31,"column":null}},"20":{"start":{"line":32,"column":4},"end":{"line":32,"column":null}},"21":{"start":{"line":33,"column":4},"end":{"line":33,"column":null}},"22":{"start":{"line":35,"column":2},"end":{"line":43,"column":null}}},"fnMap":{"0":{"name":"(anonymous_0)","decl":{"start":{"line":6,"column":23},"end":{"line":6,"column":null}},"loc":{"start":{"line":6,"column":23},"end":{"line":44,"column":null}},"line":6},"1":{"name":"(anonymous_1)","decl":{"start":{"line":12,"column":28},"end":{"line":12,"column":35}},"loc":{"start":{"line":12,"column":35},"end":{"line":21,"column":null}},"line":12},"2":{"name":"(anonymous_2)","decl":{"start":{"line":23,"column":23},"end":{"line":23,"column":30}},"loc":{"start":{"line":23,"column":30},"end":{"line":34,"column":null}},"line":23}},"branchMap":{"0":{"loc":{"start":{"line":14,"column":4},"end":{"line":17,"column":null}},"type":"if","locations":[{"start":{"line":14,"column":4},"end":{"line":17,"column":null}},{"start":{},"end":{}}],"line":14},"1":{"loc":{"start":{"line":26,"column":4},"end":{"line":26,"column":null}},"type":"if","locations":[{"start":{"line":26,"column":4},"end":{"line":26,"column":null}},{"start":{},"end":{}}],"line":26},"2":{"loc":{"start":{"line":28,"column":4},"end":{"line":28,"column":null}},"type":"if","locations":[{"start":{"line":28,"column":4},"end":{"line":28,"column":null}},{"start":{},"end":{}}],"line":28}},"s":{"0":2,"1":20,"2":20,"3":20,"4":20,"5":3,"6":3,"7":1,"8":1,"9":2,"10":2,"11":2,"12":20,"13":11,"14":11,"15":0,"16":11,"17":0,"18":11,"19":11,"20":11,"21":11,"22":20},"f":{"0":20,"1":3,"2":11},"b":{"0":[1,2],"1":[0,11],"2":[0,11]},"meta":{"lastBranch":3,"lastFunction":3,"lastStatement":23,"seen":{"s:6:23:44:Infinity":0,"f:6:23:6:Infinity":0,"s:8:31:8:Infinity":1,"s:9:23:9:Infinity":2,"s:10:8:10:Infinity":3,"s:12:28:21:Infinity":4,"f:12:28:12:35":1,"s:13:27:13:Infinity":5,"b:14:4:17:Infinity:undefined:undefined:undefined:undefined":0,"s:14:4:17:Infinity":6,"s:15:6:15:Infinity":7,"s:16:6:16:Infinity":8,"s:18:17:18:Infinity":9,"s:19:4:19:Infinity":10,"s:20:4:20:Infinity":11,"s:23:23:34:Infinity":12,"f:23:23:23:30":2,"s:24:23:24:Infinity":13,"b:26:4:26:Infinity:undefined:undefined:undefined:undefined":1,"s:26:4:26:Infinity":14,"s:26:33:26:Infinity":15,"b:28:4:28:Infinity:undefined:undefined:undefined:undefined":2,"s:28:4:28:Infinity":16,"s:28:39:28:Infinity":17,"s:30:4:30:Infinity":18,"s:31:17:31:Infinity":19,"s:32:4:32:Infinity":20,"s:33:4:33:Infinity":21,"s:35:2:43:Infinity":22}}}
,"/Users/diego/Documents/react-projects/03-gifs-apps/src/shared/components/CustomHeader.tsx": {"path":"/Users/diego/Documents/react-projects/03-gifs-apps/src/shared/components/CustomHeader.tsx","statementMap":{"0":{"start":{"line":6,"column":28},"end":{"line":14,"column":null}},"1":{"start":{"line":7,"column":2},"end":{"line":11,"column":null}}},"fnMap":{"0":{"name":"(anonymous_0)","decl":{"start":{"line":6,"column":28},"end":{"line":6,"column":29}},"loc":{"start":{"line":6,"column":58},"end":{"line":14,"column":null}},"line":6}},"branchMap":{"0":{"loc":{"start":{"line":11,"column":7},"end":{"line":11,"column":null}},"type":"binary-expr","locations":[{"start":{"line":11,"column":7},"end":{"line":11,"column":22}},{"start":{"line":11,"column":7},"end":{"line":11,"column":null}}],"line":11}},"s":{"0":2,"1":4},"f":{"0":4},"b":{"0":[4,2]},"meta":{"lastBranch":1,"lastFunction":1,"lastStatement":2,"seen":{"s:6:28:14:Infinity":0,"f:6:28:6:29":0,"s:7:2:11:Infinity":1,"b:11:7:11:22:11:7:11:Infinity":0}}}
,"/Users/diego/Documents/react-projects/03-gifs-apps/src/shared/components/SearchBar.tsx": {"path":"/Users/diego/Documents/react-projects/03-gifs-apps/src/shared/components/SearchBar.tsx","statementMap":{"0":{"start":{"line":8,"column":25},"end":{"line":51,"column":null}},"1":{"start":{"line":9,"column":25},"end":{"line":9,"column":null}},"2":{"start":{"line":11,"column":2},"end":{"line":23,"column":null}},"3":{"start":{"line":13,"column":4},"end":{"line":13,"column":null}},"4":{"start":{"line":13,"column":29},"end":{"line":13,"column":null}},"5":{"start":{"line":16,"column":22},"end":{"line":19,"column":null}},"6":{"start":{"line":17,"column":6},"end":{"line":17,"column":null}},"7":{"start":{"line":18,"column":6},"end":{"line":18,"column":null}},"8":{"start":{"line":20,"column":4},"end":{"line":22,"column":null}},"9":{"start":{"line":21,"column":6},"end":{"line":21,"column":null}},"10":{"start":{"line":25,"column":23},"end":{"line":29,"column":null}},"11":{"start":{"line":26,"column":4},"end":{"line":26,"column":null}},"12":{"start":{"line":26,"column":29},"end":{"line":26,"column":null}},"13":{"start":{"line":27,"column":4},"end":{"line":27,"column":null}},"14":{"start":{"line":28,"column":4},"end":{"line":28,"column":null}},"15":{"start":{"line":31,"column":35},"end":{"line":37,"column":null}},"16":{"start":{"line":34,"column":4},"end":{"line":36,"column":null}},"17":{"start":{"line":35,"column":6},"end":{"line":35,"column":null}},"18":{"start":{"line":39,"column":2},"end":{"line":48,"column":null}},"19":{"start":{"line":45,"column":29},"end":{"line":45,"column":null}}},"fnMap":{"0":{"name":"(anonymous_0)","decl":{"start":{"line":8,"column":25},"end":{"line":8,"column":26}},"loc":{"start":{"line":8,"column":73},"end":{"line":51,"column":null}},"line":8},"1":{"name":"(anonymous_1)","decl":{"start":{"line":11,"column":12},"end":{"line":11,"column":null}},"loc":{"start":{"line":11,"column":12},"end":{"line":23,"column":5}},"line":11},"2":{"name":"(anonymous_2)","decl":{"start":{"line":16,"column":33},"end":{"line":16,"column":null}},"loc":{"start":{"line":16,"column":33},"end":{"line":19,"column":7}},"line":16},"3":{"name":"(anonymous_3)","decl":{"start":{"line":20,"column":11},"end":{"line":20,"column":null}},"loc":{"start":{"line":20,"column":11},"end":{"line":22,"column":null}},"line":20},"4":{"name":"(anonymous_4)","decl":{"start":{"line":25,"column":23},"end":{"line":25,"column":null}},"loc":{"start":{"line":25,"column":23},"end":{"line":29,"column":null}},"line":25},"5":{"name":"(anonymous_5)","decl":{"start":{"line":31,"column":35},"end":{"line":31,"column":null}},"loc":{"start":{"line":32,"column":4},"end":{"line":37,"column":null}},"line":32},"6":{"name":"(anonymous_6)","decl":{"start":{"line":45,"column":18},"end":{"line":45,"column":19}},"loc":{"start":{"line":45,"column":29},"end":{"line":45,"column":null}},"line":45}},"branchMap":{"0":{"loc":{"start":{"line":8,"column":28},"end":{"line":8,"column":55}},"type":"default-arg","locations":[{"start":{"line":8,"column":47},"end":{"line":8,"column":55}}],"line":8},"1":{"loc":{"start":{"line":13,"column":4},"end":{"line":13,"column":null}},"type":"if","locations":[{"start":{"line":13,"column":4},"end":{"line":13,"column":null}},{"start":{},"end":{}}],"line":13},"2":{"loc":{"start":{"line":26,"column":4},"end":{"line":26,"column":null}},"type":"if","locations":[{"start":{"line":26,"column":4},"end":{"line":26,"column":null}},{"start":{},"end":{}}],"line":26},"3":{"loc":{"start":{"line":34,"column":4},"end":{"line":36,"column":null}},"type":"if","locations":[{"start":{"line":34,"column":4},"end":{"line":36,"column":null}},{"start":{},"end":{}}],"line":34}},"s":{"0":2,"1":14,"2":14,"3":14,"4":9,"5":5,"6":2,"7":2,"8":5,"9":5,"10":14,"11":1,"12":0,"13":1,"14":1,"15":14,"16":0,"17":0,"18":14,"19":5},"f":{"0":14,"1":14,"2":2,"3":5,"4":1,"5":0,"6":5},"b":{"0":[14],"1":[9,5],"2":[0,1],"3":[0,0]},"meta":{"lastBranch":4,"lastFunction":7,"lastStatement":20,"seen":{"s:8:25:51:Infinity":0,"f:8:25:8:26":0,"b:8:47:8:55":0,"s:9:25:9:Infinity":1,"s:11:2:23:Infinity":2,"f:11:12:11:Infinity":1,"b:13:4:13:Infinity:undefined:undefined:undefined:undefined":1,"s:13:4:13:Infinity":3,"s:13:29:13:Infinity":4,"s:16:22:19:Infinity":5,"f:16:33:16:Infinity":2,"s:17:6:17:Infinity":6,"s:18:6:18:Infinity":7,"s:20:4:22:Infinity":8,"f:20:11:20:Infinity":3,"s:21:6:21:Infinity":9,"s:25:23:29:Infinity":10,"f:25:23:25:Infinity":4,"b:26:4:26:Infinity:undefined:undefined:undefined:undefined":2,"s:26:4:26:Infinity":11,"s:26:29:26:Infinity":12,"s:27:4:27:Infinity":13,"s:28:4:28:Infinity":14,"s:31:35:37:Infinity":15,"f:31:35:31:Infinity":5,"b:34:4:36:Infinity:undefined:undefined:undefined:undefined":3,"s:34:4:36:Infinity":16,"s:35:6:35:Infinity":17,"s:39:2:48:Infinity":18,"f:45:18:45:19":6,"s:45:29:45:Infinity":19}}}
,"/Users/diego/Documents/react-projects/03-gifs-apps/tests/mock/giphy.response.data.ts": {"path":"/Users/diego/Documents/react-projects/03-gifs-apps/tests/mock/giphy.response.data.ts","statementMap":{"0":{"start":{"line":1,"column":39},"end":{"line":2083,"column":null}}},"fnMap":{},"branchMap":{},"s":{"0":1},"f":{},"b":{},"meta":{"lastBranch":0,"lastFunction":0,"lastStatement":1,"seen":{"s:1:39:2083:Infinity":0}}}
}
