{"/Users/diego/Documents/react-projects/02-first-steps/src/components/FirstStepsApp.tsx": {"path":"/Users/diego/Documents/react-projects/02-first-steps/src/components/FirstStepsApp.tsx","statementMap":{"0":{"start":{"line":8,"column":34},"end":{"line":13,"column":null}}},"fnMap":{"0":{"name":"FirstStepsApp","decl":{"start":{"line":15,"column":16},"end":{"line":15,"column":null}},"loc":{"start":{"line":15,"column":16},"end":{"line":32,"column":null}},"line":15}},"branchMap":{},"s":{"0":1},"f":{"0":3},"b":{},"meta":{"lastBranch":0,"lastFunction":1,"lastStatement":1,"seen":{"s:8:34:13:Infinity":0,"f:15:16:15:Infinity":0}}}
,"/Users/diego/Documents/react-projects/02-first-steps/src/components/MyAwesomeApp.tsx": {"path":"/Users/diego/Documents/react-projects/02-first-steps/src/components/MyAwesomeApp.tsx","statementMap":{"0":{"start":{"line":3,"column":26},"end":{"line":3,"column":null}},"1":{"start":{"line":4,"column":25},"end":{"line":4,"column":null}},"2":{"start":{"line":5,"column":22},"end":{"line":5,"column":null}},"3":{"start":{"line":7,"column":32},"end":{"line":11,"column":null}}},"fnMap":{"0":{"name":"MyAwesomeApp","decl":{"start":{"line":13,"column":16},"end":{"line":13,"column":null}},"loc":{"start":{"line":13,"column":16},"end":{"line":30,"column":null}},"line":13}},"branchMap":{},"s":{"0":1,"1":1,"2":1,"3":1},"f":{"0":3},"b":{},"meta":{"lastBranch":0,"lastFunction":1,"lastStatement":4,"seen":{"s:3:26:3:Infinity":0,"s:4:25:4:Infinity":1,"s:5:22:5:Infinity":2,"s:7:32:11:Infinity":3,"f:13:16:13:Infinity":0}}}
,"/Users/diego/Documents/react-projects/02-first-steps/src/helpers/math.helper.ts": {"path":"/Users/diego/Documents/react-projects/02-first-steps/src/helpers/math.helper.ts","statementMap":{"0":{"start":{"line":1,"column":19},"end":{"line":3,"column":null}},"1":{"start":{"line":2,"column":4},"end":{"line":2,"column":null}},"2":{"start":{"line":5,"column":25},"end":{"line":7,"column":null}},"3":{"start":{"line":6,"column":4},"end":{"line":6,"column":null}},"4":{"start":{"line":9,"column":24},"end":{"line":11,"column":null}},"5":{"start":{"line":10,"column":4},"end":{"line":10,"column":null}},"6":{"start":{"line":13,"column":22},"end":{"line":20,"column":null}},"7":{"start":{"line":14,"column":4},"end":{"line":19,"column":null}},"8":{"start":{"line":15,"column":8},"end":{"line":15,"column":null}},"9":{"start":{"line":18,"column":8},"end":{"line":18,"column":null}}},"fnMap":{"0":{"name":"(anonymous_0)","decl":{"start":{"line":1,"column":19},"end":{"line":1,"column":20}},"loc":{"start":{"line":1,"column":31},"end":{"line":3,"column":null}},"line":1},"1":{"name":"(anonymous_1)","decl":{"start":{"line":5,"column":25},"end":{"line":5,"column":26}},"loc":{"start":{"line":5,"column":37},"end":{"line":7,"column":null}},"line":5},"2":{"name":"(anonymous_2)","decl":{"start":{"line":9,"column":24},"end":{"line":9,"column":25}},"loc":{"start":{"line":9,"column":36},"end":{"line":11,"column":null}},"line":9},"3":{"name":"(anonymous_3)","decl":{"start":{"line":13,"column":22},"end":{"line":13,"column":23}},"loc":{"start":{"line":13,"column":34},"end":{"line":20,"column":null}},"line":13}},"branchMap":{"0":{"loc":{"start":{"line":14,"column":4},"end":{"line":19,"column":null}},"type":"if","locations":[{"start":{"line":14,"column":4},"end":{"line":19,"column":null}},{"start":{"line":17,"column":9},"end":{"line":19,"column":null}}],"line":14}},"s":{"0":1,"1":1,"2":1,"3":2,"4":1,"5":2,"6":1,"7":2,"8":1,"9":1},"f":{"0":1,"1":2,"2":2,"3":2},"b":{"0":[1,1]},"meta":{"lastBranch":1,"lastFunction":4,"lastStatement":10,"seen":{"s:1:19:3:Infinity":0,"f:1:19:1:20":0,"s:2:4:2:Infinity":1,"s:5:25:7:Infinity":2,"f:5:25:5:26":1,"s:6:4:6:Infinity":3,"s:9:24:11:Infinity":4,"f:9:24:9:25":2,"s:10:4:10:Infinity":5,"s:13:22:20:Infinity":6,"f:13:22:13:23":3,"b:14:4:19:Infinity:17:9:19:Infinity":0,"s:14:4:19:Infinity":7,"s:15:8:15:Infinity":8,"s:18:8:18:Infinity":9}}}
,"/Users/diego/Documents/react-projects/02-first-steps/src/shopping-cart/ItemCounter.css": {"path":"/Users/diego/Documents/react-projects/02-first-steps/src/shopping-cart/ItemCounter.css","statementMap":{},"fnMap":{},"branchMap":{},"s":{},"f":{},"b":{},"meta":{"lastBranch":0,"lastFunction":0,"lastStatement":0,"seen":{}}}
,"/Users/diego/Documents/react-projects/02-first-steps/src/shopping-cart/ItemCounter.tsx": {"path":"/Users/diego/Documents/react-projects/02-first-steps/src/shopping-cart/ItemCounter.tsx","statementMap":{"0":{"start":{"line":9,"column":27},"end":{"line":39,"column":null}},"1":{"start":{"line":10,"column":39},"end":{"line":10,"column":null}},"2":{"start":{"line":12,"column":22},"end":{"line":14,"column":null}},"3":{"start":{"line":13,"column":4},"end":{"line":13,"column":null}},"4":{"start":{"line":16,"column":26},"end":{"line":20,"column":null}},"5":{"start":{"line":17,"column":4},"end":{"line":19,"column":null}}},"fnMap":{"0":{"name":"(anonymous_0)","decl":{"start":{"line":9,"column":27},"end":{"line":9,"column":28}},"loc":{"start":{"line":9,"column":64},"end":{"line":39,"column":null}},"line":9},"1":{"name":"(anonymous_1)","decl":{"start":{"line":12,"column":22},"end":{"line":12,"column":null}},"loc":{"start":{"line":12,"column":22},"end":{"line":14,"column":null}},"line":12},"2":{"name":"(anonymous_2)","decl":{"start":{"line":16,"column":26},"end":{"line":16,"column":null}},"loc":{"start":{"line":16,"column":26},"end":{"line":20,"column":null}},"line":16}},"branchMap":{"0":{"loc":{"start":{"line":9,"column":43},"end":{"line":9,"column":55}},"type":"default-arg","locations":[{"start":{"line":9,"column":54},"end":{"line":9,"column":55}}],"line":9},"1":{"loc":{"start":{"line":17,"column":4},"end":{"line":19,"column":null}},"type":"cond-expr","locations":[{"start":{"line":18,"column":8},"end":{"line":18,"column":null}},{"start":{"line":19,"column":8},"end":{"line":19,"column":null}}],"line":17},"2":{"loc":{"start":{"line":26,"column":24},"end":{"line":26,"column":61}},"type":"cond-expr","locations":[{"start":{"line":26,"column":45},"end":{"line":26,"column":53}},{"start":{"line":26,"column":53},"end":{"line":26,"column":61}}],"line":26}},"s":{"0":1,"1":9,"2":9,"3":1,"4":9,"5":2},"f":{"0":9,"1":1,"2":2},"b":{"0":[9],"1":[1,1],"2":[4,5]},"meta":{"lastBranch":3,"lastFunction":3,"lastStatement":6,"seen":{"s:9:27:39:Infinity":0,"f:9:27:9:28":0,"b:9:54:9:55":0,"s:10:39:10:Infinity":1,"s:12:22:14:Infinity":2,"f:12:22:12:Infinity":1,"s:13:4:13:Infinity":3,"s:16:26:20:Infinity":4,"f:16:26:16:Infinity":2,"s:17:4:19:Infinity":5,"b:18:8:18:Infinity:19:8:19:Infinity":1,"b:26:45:26:53:26:53:26:61":2}}}
}
